Using pre-set license
Built from '2021.3/staging' branch; Version is '2021.3.6f1 (7da38d85baf6) revision 8233869'; Using compiler version '192829333'; Build Type 'Release'
OS: 'Windows 10  (10.0.19044) 64bit Professional' Language: 'ko' Physical Memory: 16266 MB
BatchMode: 1, IsHumanControllingUs: 0, StartBugReporterOnCrash: 0, Is64bit: 1, IsPro: 1

COMMAND LINE ARGUMENTS:
C:\Program Files\Unity\Hub\Editor\2021.3.6f1\Editor\Unity.exe
-adb2
-batchMode
-noUpm
-name
AssetImportWorker0
-projectPath
D:/Unity/GitHub/Portpolio/PortPolio
-logFile
Logs/AssetImportWorker0.log
-srvPort
54529
Successfully changed project path to: D:/Unity/GitHub/Portpolio/PortPolio
D:/Unity/GitHub/Portpolio/PortPolio
[UnityMemory] Configuration Parameters - Can be set up in boot.config
    "memorysetup-bucket-allocator-granularity=16"
    "memorysetup-bucket-allocator-bucket-count=8"
    "memorysetup-bucket-allocator-block-size=33554432"
    "memorysetup-bucket-allocator-block-count=8"
    "memorysetup-main-allocator-block-size=16777216"
    "memorysetup-thread-allocator-block-size=16777216"
    "memorysetup-gfx-main-allocator-block-size=16777216"
    "memorysetup-gfx-thread-allocator-block-size=16777216"
    "memorysetup-cache-allocator-block-size=4194304"
    "memorysetup-typetree-allocator-block-size=2097152"
    "memorysetup-profiler-bucket-allocator-granularity=16"
    "memorysetup-profiler-bucket-allocator-bucket-count=8"
    "memorysetup-profiler-bucket-allocator-block-size=33554432"
    "memorysetup-profiler-bucket-allocator-block-count=8"
    "memorysetup-profiler-allocator-block-size=16777216"
    "memorysetup-profiler-editor-allocator-block-size=1048576"
    "memorysetup-temp-allocator-size-main=16777216"
    "memorysetup-job-temp-allocator-block-size=2097152"
    "memorysetup-job-temp-allocator-block-size-background=1048576"
    "memorysetup-job-temp-allocator-reduction-small-platforms=262144"
    "memorysetup-temp-allocator-size-background-worker=32768"
    "memorysetup-temp-allocator-size-job-worker=262144"
    "memorysetup-temp-allocator-size-preload-manager=33554432"
    "memorysetup-temp-allocator-size-nav-mesh-worker=65536"
    "memorysetup-temp-allocator-size-audio-worker=65536"
    "memorysetup-temp-allocator-size-cloud-worker=32768"
    "memorysetup-temp-allocator-size-gi-baking-worker=262144"
    "memorysetup-temp-allocator-size-gfx=262144"
Refreshing native plugins compatible for Editor in 123.14 ms, found 4 plugins.
Preloading 0 native plugins for Editor in 0.00 ms.
Initialize engine version: 2021.3.6f1 (7da38d85baf6)
[Subsystems] Discovering subsystems at path C:/Program Files/Unity/Hub/Editor/2021.3.6f1/Editor/Data/Resources/UnitySubsystems
[Subsystems] Discovering subsystems at path D:/Unity/GitHub/Portpolio/PortPolio/Assets
GfxDevice: creating device client; threaded=0; jobified=0
Direct3D:
    Version:  Direct3D 11.0 [level 11.1]
    Renderer: NVIDIA GeForce GTX 1060 3GB (ID=0x1c02)
    Vendor:   NVIDIA
    VRAM:     2988 MB
    Driver:   31.0.15.1694
Initialize mono
Mono path[0] = 'C:/Program Files/Unity/Hub/Editor/2021.3.6f1/Editor/Data/Managed'
Mono path[1] = 'C:/Program Files/Unity/Hub/Editor/2021.3.6f1/Editor/Data/MonoBleedingEdge/lib/mono/unityjit-win32'
Mono config path = 'C:/Program Files/Unity/Hub/Editor/2021.3.6f1/Editor/Data/MonoBleedingEdge/etc'
Using monoOptions --debugger-agent=transport=dt_socket,embedding=1,server=y,suspend=n,address=127.0.0.1:56036
Begin MonoManager ReloadAssembly
Registering precompiled unity dll's ...
Register platform support module: C:/Program Files/Unity/Hub/Editor/2021.3.6f1/Editor/Data/PlaybackEngines/AndroidPlayer/UnityEditor.Android.Extensions.dll
Register platform support module: C:/Program Files/Unity/Hub/Editor/2021.3.6f1/Editor/Data/PlaybackEngines/WindowsStandaloneSupport/UnityEditor.WindowsStandalone.Extensions.dll
Registered in 0.010367 seconds.
Native extension for WindowsStandalone target not found
Native extension for Android target not found
Refreshing native plugins compatible for Editor in 140.83 ms, found 4 plugins.
Preloading 0 native plugins for Editor in 0.00 ms.
Mono: successfully reloaded assembly
- Completed reload, in  0.836 seconds
Domain Reload Profiling:
	ReloadAssembly (837ms)
		BeginReloadAssembly (97ms)
			ExecutionOrderSort (0ms)
			DisableScriptedObjects (0ms)
			BackupInstance (0ms)
			ReleaseScriptingObjects (0ms)
			CreateAndSetChildDomain (1ms)
		EndReloadAssembly (612ms)
			LoadAssemblies (95ms)
			RebuildTransferFunctionScriptingTraits (0ms)
			SetupTypeCache (129ms)
			ReleaseScriptCaches (0ms)
			RebuildScriptCaches (31ms)
			SetupLoadedEditorAssemblies (391ms)
				LogAssemblyErrors (0ms)
				InitializePlatformSupportModulesInManaged (77ms)
				SetLoadedEditorAssemblies (0ms)
				RefreshPlugins (141ms)
				BeforeProcessingInitializeOnLoad (1ms)
				ProcessInitializeOnLoadAttributes (111ms)
				ProcessInitializeOnLoadMethodAttributes (60ms)
				AfterProcessingInitializeOnLoad (0ms)
				EditorAssembliesLoaded (0ms)
			ExecutionOrderSort2 (0ms)
			AwakeInstancesAfterBackupRestoration (0ms)
Platform modules already initialized, skipping
Registering precompiled user dll's ...
Registered in 0.008984 seconds.
Begin MonoManager ReloadAssembly
Symbol file LoadedFromMemory doesn't match image D:\Unity\GitHub\Portpolio\PortPolio\Library\PackageCache\com.unity.visualscripting@1.7.8\Editor\VisualScripting.Core\Dependencies\YamlDotNet\Unity.VisualScripting.YamlDotNet.dll
Symbol file LoadedFromMemory doesn't match image D:\Unity\GitHub\Portpolio\PortPolio\Library\PackageCache\com.unity.visualscripting@1.7.8\Editor\VisualScripting.Core\Dependencies\DotNetZip\Unity.VisualScripting.IonicZip.dll
Native extension for WindowsStandalone target not found
Native extension for Android target not found
Refreshing native plugins compatible for Editor in 117.32 ms, found 4 plugins.
Preloading 0 native plugins for Editor in 0.00 ms.
Error saving file Library/StateCache/LayerSettings/9e/9ecc5c3c162a7aba29bafa64c8b94b7c.json. Error: System.IO.IOException: Sharing violation on path D:\Unity\GitHub\Portpolio\PortPolio\Library\StateCache\LayerSettings\9e\9ecc5c3c162a7aba29bafa64c8b94b7c.json
  at System.IO.FileStream..ctor (System.String path, System.IO.FileMode mode, System.IO.FileAccess access, System.IO.FileShare share, System.Int32 bufferSize, System.Boolean anonymous, System.IO.FileOptions options) [0x0019e] in <e40e5a8f982c4b618a930d29f9bd091c>:0 
  at System.IO.FileStream..ctor (System.String path, System.IO.FileMode mode, System.IO.FileAccess access, System.IO.FileShare share, System.Int32 bufferSize, System.IO.FileOptions options) [0x00000] in <e40e5a8f982c4b618a930d29f9bd091c>:0 
  at (wrapper remoting-invoke-with-check) System.IO.FileStream..ctor(string,System.IO.FileMode,System.IO.FileAccess,System.IO.FileShare,int,System.IO.FileOptions)
  at System.IO.StreamWriter..ctor (System.String path, System.Boolean append, System.Text.Encoding encoding, System.Int32 bufferSize) [0x00055] in <e40e5a8f982c4b618a930d29f9bd091c>:0 
  at System.IO.StreamWriter..ctor (System.String path, System.Boolean append, System.Text.Encoding encoding) [0x00000] in <e40e5a8f982c4b618a930d29f9bd091c>:0 
  at (wrapper remoting-invoke-with-check) System.IO.StreamWriter..ctor(string,bool,System.Text.Encoding)
  at System.IO.File.WriteAllText (System.String path, System.String contents, System.Text.Encoding encoding) [0x00034] in <e40e5a8f982c4b618a930d29f9bd091c>:0 
  at UnityEditor.StateCache`1[T].SetState (UnityEngine.Hash128 key, T obj) [0x0004b] in <44a70d1b13cf47e29810e30f45ffae08>:0 
UnityEngine.StackTraceUtility:ExtractStackTrace ()
UnityEngine.DebugLogHandler:LogFormat (UnityEngine.LogType,UnityEngine.Object,string,object[])
UnityEngine.Logger:Log (UnityEngine.LogType,object)
UnityEngine.Debug:LogError (object)
UnityEditor.StateCache`1<UnityEditor.Tools/LayerSettings>:SetState (UnityEngine.Hash128,UnityEditor.Tools/LayerSettings)
UnityEditor.Tools:set_lockedLayers (int)
UnityEditor.Tools:OnEnable ()
UnityEngine.ScriptableObject:CreateInstance (System.Type)
UnityEngine.ScriptableObject:CreateInstance<UnityEditor.Tools> ()
UnityEditor.Tools:get_get ()
UnityEditor.Tools:get_visibleLayers ()
UnityEditor.Animations.Rigging.BoneRendererUtils:.cctor () (at Library/PackageCache/com.unity.animation.rigging@1.1.1/Editor/Utils/BoneRendererUtils.cs:121)
System.Runtime.CompilerServices.RuntimeHelpers:RunClassConstructor (System.RuntimeTypeHandle)
UnityEditor.EditorAssemblies:ProcessInitializeOnLoadAttributes (System.Type[])

(Filename: Library/PackageCache/com.unity.animation.rigging@1.1.1/Editor/Utils/BoneRendererUtils.cs Line: 121)

Mono: successfully reloaded assembly
- Completed reload, in  1.533 seconds
Domain Reload Profiling:
	ReloadAssembly (1534ms)
		BeginReloadAssembly (254ms)
			ExecutionOrderSort (0ms)
			DisableScriptedObjects (6ms)
			BackupInstance (0ms)
			ReleaseScriptingObjects (0ms)
			CreateAndSetChildDomain (136ms)
		EndReloadAssembly (1142ms)
			LoadAssemblies (106ms)
			RebuildTransferFunctionScriptingTraits (0ms)
			SetupTypeCache (302ms)
			ReleaseScriptCaches (1ms)
			RebuildScriptCaches (79ms)
			SetupLoadedEditorAssemblies (589ms)
				LogAssemblyErrors (0ms)
				InitializePlatformSupportModulesInManaged (19ms)
				SetLoadedEditorAssemblies (0ms)
				RefreshPlugins (117ms)
				BeforeProcessingInitializeOnLoad (116ms)
				ProcessInitializeOnLoadAttributes (281ms)
				ProcessInitializeOnLoadMethodAttributes (45ms)
				AfterProcessingInitializeOnLoad (10ms)
				EditorAssembliesLoaded (0ms)
			ExecutionOrderSort2 (0ms)
			AwakeInstancesAfterBackupRestoration (16ms)
Platform modules already initialized, skipping
========================================================================
Worker process is ready to serve import requests
Launched and connected shader compiler UnityShaderCompiler.exe after 0.05 seconds
Refreshing native plugins compatible for Editor in 0.88 ms, found 4 plugins.
Preloading 0 native plugins for Editor in 0.00 ms.
Unloading 4252 Unused Serialized files (Serialized files now loaded: 0)
Unloading 44 unused Assets / (222.6 KB). Loaded Objects now: 4710.
Memory consumption went from 164.8 MB to 164.6 MB.
Total: 3.739100 ms (FindLiveObjects: 0.358900 ms CreateObjectMapping: 0.323900 ms MarkObjects: 2.887400 ms  DeleteObjects: 0.167700 ms)

AssetImportParameters requested are different than current active one (requested -> active):
  custom:video-decoder-ogg-theora: a1e56fd34408186e4bbccfd4996cb3dc -> 
  custom:container-muxer-webm: aa71ff27fc2769a1b78a27578f13a17b -> 
  custom:container-demuxer-webm: 4f35f7cbe854078d1ac9338744f61a02 -> 
  custom:video-encoder-webm-vp8: eb34c28f22e8b96e1ab97ce403110664 -> 
  custom:audio-encoder-webm-vorbis: bf7c407c2cedff20999df2af8eb42d56 -> 
  custom:framework-win-MediaFoundation: 216162199b28c13a410421893ffa2e32 -> 
  custom:container-demuxer-ogg: 62fdf1f143b41e24485cea50d1cbac27 -> 
  custom:video-decoder-webm-vp8: 9c59270c3fd7afecdb556c50c9e8de78 -> 
  custom:audio-decoder-ogg-vorbis: bf7c407c2cedff20999df2af8eb42d56 -> 
========================================================================
Received Import Request.
  Time since last request: 2927188.154385 seconds.
  path: Assets/06.Models
  artifactKey: Guid(27ff694288b744e45b532b0b47a4ab96) Importer(815301076,1909f56bfc062723c751e8b465ee728b)
Start importing Assets/06.Models using Guid(27ff694288b744e45b532b0b47a4ab96) Importer(815301076,1909f56bfc062723c751e8b465ee728b)  -> (artifact id: 'e58ccc48140550fbdc2358811f65f4cb') in 0.012281 seconds 
========================================================================
Received Import Request.
  Time since last request: 12.753772 seconds.
  path: Assets/06.Models/reaper2.FBX
  artifactKey: Guid(b53e73181b5be0844b682f311616a7c6) Importer(815301076,1909f56bfc062723c751e8b465ee728b)
Start importing Assets/06.Models/reaper2.FBX using Guid(b53e73181b5be0844b682f311616a7c6) Importer(815301076,1909f56bfc062723c751e8b465ee728b)  -> (artifact id: 'ed5fe84aa3bd5d8f214788e2f7b67606') in 0.248258 seconds 
========================================================================
Received Import Request.
  Time since last request: 4615.003788 seconds.
  path: Assets/06.Models/reaper2.FBX
  artifactKey: Guid(b53e73181b5be0844b682f311616a7c6) Importer(815301076,1909f56bfc062723c751e8b465ee728b)
Start importing Assets/06.Models/reaper2.FBX using Guid(b53e73181b5be0844b682f311616a7c6) Importer(815301076,1909f56bfc062723c751e8b465ee728b)  -> (artifact id: '42b7815da2acffc03c3625de58c69df3') in 0.038468 seconds 
========================================================================
Received Import Request.
  Time since last request: 2827.253782 seconds.
  path: Assets/00.Scenes/01.Stage01.unity
  artifactKey: Guid(ed5153d1d3be93b44b950ca50e3349f1) Importer(815301076,1909f56bfc062723c751e8b465ee728b)
Start importing Assets/00.Scenes/01.Stage01.unity using Guid(ed5153d1d3be93b44b950ca50e3349f1) Importer(815301076,1909f56bfc062723c751e8b465ee728b)  -> (artifact id: '7696112066cad226e0a1c97708784fcf') in 0.015883 seconds 
========================================================================
Received Prepare
Registering precompiled user dll's ...
Registered in 0.007227 seconds.
Begin MonoManager ReloadAssembly
Symbol file LoadedFromMemory doesn't match image D:\Unity\GitHub\Portpolio\PortPolio\Library\PackageCache\com.unity.visualscripting@1.7.8\Editor\VisualScripting.Core\Dependencies\YamlDotNet\Unity.VisualScripting.YamlDotNet.dll
Symbol file LoadedFromMemory doesn't match image D:\Unity\GitHub\Portpolio\PortPolio\Library\PackageCache\com.unity.visualscripting@1.7.8\Editor\VisualScripting.Core\Dependencies\DotNetZip\Unity.VisualScripting.IonicZip.dll
Native extension for WindowsStandalone target not found
Native extension for Android target not found
Refreshing native plugins compatible for Editor in 0.85 ms, found 4 plugins.
Preloading 0 native plugins for Editor in 0.00 ms.
Mono: successfully reloaded assembly
- Completed reload, in  1.401 seconds
Domain Reload Profiling:
	ReloadAssembly (1402ms)
		BeginReloadAssembly (159ms)
			ExecutionOrderSort (0ms)
			DisableScriptedObjects (7ms)
			BackupInstance (0ms)
			ReleaseScriptingObjects (0ms)
			CreateAndSetChildDomain (45ms)
		EndReloadAssembly (1110ms)
			LoadAssemblies (113ms)
			RebuildTransferFunctionScriptingTraits (0ms)
			SetupTypeCache (374ms)
			ReleaseScriptCaches (2ms)
			RebuildScriptCaches (65ms)
			SetupLoadedEditorAssemblies (489ms)
				LogAssemblyErrors (0ms)
				InitializePlatformSupportModulesInManaged (32ms)
				SetLoadedEditorAssemblies (1ms)
				RefreshPlugins (1ms)
				BeforeProcessingInitializeOnLoad (112ms)
				ProcessInitializeOnLoadAttributes (281ms)
				ProcessInitializeOnLoadMethodAttributes (50ms)
				AfterProcessingInitializeOnLoad (12ms)
				EditorAssembliesLoaded (0ms)
			ExecutionOrderSort2 (0ms)
			AwakeInstancesAfterBackupRestoration (20ms)
Platform modules already initialized, skipping
Refreshing native plugins compatible for Editor in 2.27 ms, found 4 plugins.
Preloading 0 native plugins for Editor in 0.00 ms.
Unloading 4232 Unused Serialized files (Serialized files now loaded: 0)
Unloading 31 unused Assets / (190.0 KB). Loaded Objects now: 4756.
Memory consumption went from 168.0 MB to 167.8 MB.
Total: 3.284100 ms (FindLiveObjects: 0.306100 ms CreateObjectMapping: 0.226500 ms MarkObjects: 2.611800 ms  DeleteObjects: 0.138900 ms)

AssetImportParameters requested are different than current active one (requested -> active):
  custom:video-decoder-ogg-theora: a1e56fd34408186e4bbccfd4996cb3dc -> 
  custom:container-muxer-webm: aa71ff27fc2769a1b78a27578f13a17b -> 
  custom:container-demuxer-webm: 4f35f7cbe854078d1ac9338744f61a02 -> 
  custom:video-encoder-webm-vp8: eb34c28f22e8b96e1ab97ce403110664 -> 
  custom:audio-encoder-webm-vorbis: bf7c407c2cedff20999df2af8eb42d56 -> 
  custom:framework-win-MediaFoundation: 216162199b28c13a410421893ffa2e32 -> 
  custom:container-demuxer-ogg: 62fdf1f143b41e24485cea50d1cbac27 -> 
  custom:video-decoder-webm-vp8: 9c59270c3fd7afecdb556c50c9e8de78 -> 
  custom:audio-decoder-ogg-vorbis: bf7c407c2cedff20999df2af8eb42d56 -> 
========================================================================
Received Import Request.
  Time since last request: 137.933113 seconds.
  path: Assets/01.Image/Reaper_Vamp.png
  artifactKey: Guid(96be0ad031bf6cd43a2c710402d89ede) Importer(815301076,1909f56bfc062723c751e8b465ee728b)
Start importing Assets/01.Image/Reaper_Vamp.png using Guid(96be0ad031bf6cd43a2c710402d89ede) Importer(815301076,1909f56bfc062723c751e8b465ee728b)  -> (artifact id: '204da3aca836d6d659804f196fa69c72') in 0.108892 seconds 
========================================================================
Received Prepare
Registering precompiled user dll's ...
Registered in 0.007404 seconds.
Begin MonoManager ReloadAssembly
Symbol file LoadedFromMemory doesn't match image D:\Unity\GitHub\Portpolio\PortPolio\Library\PackageCache\com.unity.visualscripting@1.7.8\Editor\VisualScripting.Core\Dependencies\YamlDotNet\Unity.VisualScripting.YamlDotNet.dll
Symbol file LoadedFromMemory doesn't match image D:\Unity\GitHub\Portpolio\PortPolio\Library\PackageCache\com.unity.visualscripting@1.7.8\Editor\VisualScripting.Core\Dependencies\DotNetZip\Unity.VisualScripting.IonicZip.dll
Native extension for WindowsStandalone target not found
Native extension for Android target not found
Refreshing native plugins compatible for Editor in 0.84 ms, found 4 plugins.
Preloading 0 native plugins for Editor in 0.00 ms.
Mono: successfully reloaded assembly
- Completed reload, in  1.350 seconds
Domain Reload Profiling:
	ReloadAssembly (1351ms)
		BeginReloadAssembly (164ms)
			ExecutionOrderSort (0ms)
			DisableScriptedObjects (7ms)
			BackupInstance (0ms)
			ReleaseScriptingObjects (0ms)
			CreateAndSetChildDomain (43ms)
		EndReloadAssembly (1059ms)
			LoadAssemblies (118ms)
			RebuildTransferFunctionScriptingTraits (0ms)
			SetupTypeCache (314ms)
			ReleaseScriptCaches (2ms)
			RebuildScriptCaches (65ms)
			SetupLoadedEditorAssemblies (497ms)
				LogAssemblyErrors (0ms)
				InitializePlatformSupportModulesInManaged (28ms)
				SetLoadedEditorAssemblies (1ms)
				RefreshPlugins (1ms)
				BeforeProcessingInitializeOnLoad (111ms)
				ProcessInitializeOnLoadAttributes (293ms)
				ProcessInitializeOnLoadMethodAttributes (52ms)
				AfterProcessingInitializeOnLoad (11ms)
				EditorAssembliesLoaded (0ms)
			ExecutionOrderSort2 (0ms)
			AwakeInstancesAfterBackupRestoration (20ms)
Platform modules already initialized, skipping
Refreshing native plugins compatible for Editor in 3.36 ms, found 4 plugins.
Preloading 0 native plugins for Editor in 0.00 ms.
Unloading 4232 Unused Serialized files (Serialized files now loaded: 0)
Unloading 31 unused Assets / (190.1 KB). Loaded Objects now: 4763.
Memory consumption went from 168.0 MB to 167.9 MB.
Total: 3.418400 ms (FindLiveObjects: 0.320000 ms CreateObjectMapping: 0.278700 ms MarkObjects: 2.663700 ms  DeleteObjects: 0.155000 ms)

AssetImportParameters requested are different than current active one (requested -> active):
  custom:video-decoder-ogg-theora: a1e56fd34408186e4bbccfd4996cb3dc -> 
  custom:container-muxer-webm: aa71ff27fc2769a1b78a27578f13a17b -> 
  custom:container-demuxer-webm: 4f35f7cbe854078d1ac9338744f61a02 -> 
  custom:video-encoder-webm-vp8: eb34c28f22e8b96e1ab97ce403110664 -> 
  custom:audio-encoder-webm-vorbis: bf7c407c2cedff20999df2af8eb42d56 -> 
  custom:framework-win-MediaFoundation: 216162199b28c13a410421893ffa2e32 -> 
  custom:container-demuxer-ogg: 62fdf1f143b41e24485cea50d1cbac27 -> 
  custom:video-decoder-webm-vp8: 9c59270c3fd7afecdb556c50c9e8de78 -> 
  custom:audio-decoder-ogg-vorbis: bf7c407c2cedff20999df2af8eb42d56 -> 
========================================================================
Received Import Request.
  Time since last request: 50.289209 seconds.
  path: Assets/01.Image/Reaper_Damage_Pix.png
  artifactKey: Guid(2de16fb1bb6feea4694ea8654c4916d5) Importer(815301076,1909f56bfc062723c751e8b465ee728b)
Start importing Assets/01.Image/Reaper_Damage_Pix.png using Guid(2de16fb1bb6feea4694ea8654c4916d5) Importer(815301076,1909f56bfc062723c751e8b465ee728b)  -> (artifact id: 'd170360a57619d5c89e9cfded1be7119') in 0.064784 seconds 
========================================================================
Received Import Request.
  Time since last request: 16.563155 seconds.
  path: Assets/01.Image/Reaper_Shoot 1.png
  artifactKey: Guid(b983b56ea33889b4fad9a19f6ea3a462) Importer(815301076,1909f56bfc062723c751e8b465ee728b)
Start importing Assets/01.Image/Reaper_Shoot 1.png using Guid(b983b56ea33889b4fad9a19f6ea3a462) Importer(815301076,1909f56bfc062723c751e8b465ee728b)  -> (artifact id: '48fa0059f4d020f96c8e3b9dca4560b5') in 0.014450 seconds 
========================================================================
Received Import Request.
  Time since last request: 0.884180 seconds.
  path: Assets/01.Image/Reaper_Idle_Pix.png
  artifactKey: Guid(bca6ee2ff73a17c4bbc43bb2bfbc9c51) Importer(815301076,1909f56bfc062723c751e8b465ee728b)
Start importing Assets/01.Image/Reaper_Idle_Pix.png using Guid(bca6ee2ff73a17c4bbc43bb2bfbc9c51) Importer(815301076,1909f56bfc062723c751e8b465ee728b)  -> (artifact id: '30ba76a5b6e3b44c74e8cbe70f1860d8') in 0.014212 seconds 
========================================================================
Received Import Request.
  Time since last request: 350.077660 seconds.
  path: Assets/01.Image/Reaper_Ult_01.png
  artifactKey: Guid(ff75413fa18cf2241a593e9b4d261e95) Importer(815301076,1909f56bfc062723c751e8b465ee728b)
Start importing Assets/01.Image/Reaper_Ult_01.png using Guid(ff75413fa18cf2241a593e9b4d261e95) Importer(815301076,1909f56bfc062723c751e8b465ee728b)  -> (artifact id: '99a807012ee596a5ba0e50205ae37fd8') in 0.020273 seconds 
========================================================================
Received Import Request.
  Time since last request: 3.423359 seconds.
  path: Assets/01.Image/Reaper_Ult_02.png
  artifactKey: Guid(e3a85caea8cd2794b9c1d8c454f4fc0e) Importer(815301076,1909f56bfc062723c751e8b465ee728b)
Start importing Assets/01.Image/Reaper_Ult_02.png using Guid(e3a85caea8cd2794b9c1d8c454f4fc0e) Importer(815301076,1909f56bfc062723c751e8b465ee728b)  -> (artifact id: '72ebaada2822047fe4ed9b36917aab89') in 0.020653 seconds 
========================================================================
Received Import Request.
  Time since last request: 149.743638 seconds.
  path: Assets/01.Image/Reaper_Ult_02.png
  artifactKey: Guid(e3a85caea8cd2794b9c1d8c454f4fc0e) Importer(815301076,1909f56bfc062723c751e8b465ee728b)
Start importing Assets/01.Image/Reaper_Ult_02.png using Guid(e3a85caea8cd2794b9c1d8c454f4fc0e) Importer(815301076,1909f56bfc062723c751e8b465ee728b)  -> (artifact id: 'f31d7c751d0be4cb6c569931a0f871c4') in 0.011400 seconds 
========================================================================
Received Import Request.
  Time since last request: 59.293857 seconds.
  path: Assets/01.Image/Reaper_Ult_02.png
  artifactKey: Guid(e3a85caea8cd2794b9c1d8c454f4fc0e) Importer(815301076,1909f56bfc062723c751e8b465ee728b)
Start importing Assets/01.Image/Reaper_Ult_02.png using Guid(e3a85caea8cd2794b9c1d8c454f4fc0e) Importer(815301076,1909f56bfc062723c751e8b465ee728b)  -> (artifact id: '63a97f6c505d1fbc16fc5ecc60a61ac9') in 0.011482 seconds 
========================================================================
Received Import Request.
  Time since last request: 8.566032 seconds.
  path: Assets/01.Image/Reaper_Ult_02.png
  artifactKey: Guid(e3a85caea8cd2794b9c1d8c454f4fc0e) Importer(815301076,1909f56bfc062723c751e8b465ee728b)
Start importing Assets/01.Image/Reaper_Ult_02.png using Guid(e3a85caea8cd2794b9c1d8c454f4fc0e) Importer(815301076,1909f56bfc062723c751e8b465ee728b)  -> (artifact id: 'f0ce566f6c9043389d74a1a09562538d') in 0.022215 seconds 
========================================================================
Received Import Request.
  Time since last request: 8.955823 seconds.
  path: Assets/01.Image/Reaper_Ult_02.png
  artifactKey: Guid(e3a85caea8cd2794b9c1d8c454f4fc0e) Importer(815301076,1909f56bfc062723c751e8b465ee728b)
Start importing Assets/01.Image/Reaper_Ult_02.png using Guid(e3a85caea8cd2794b9c1d8c454f4fc0e) Importer(815301076,1909f56bfc062723c751e8b465ee728b)  -> (artifact id: '7b6adb2bbf15150e3a90c05b6d986c6c') in 0.010241 seconds 
========================================================================
Received Import Request.
  Time since last request: 9.635131 seconds.
  path: Assets/01.Image/Reaper_Ult_02.png
  artifactKey: Guid(e3a85caea8cd2794b9c1d8c454f4fc0e) Importer(815301076,1909f56bfc062723c751e8b465ee728b)
Start importing Assets/01.Image/Reaper_Ult_02.png using Guid(e3a85caea8cd2794b9c1d8c454f4fc0e) Importer(815301076,1909f56bfc062723c751e8b465ee728b)  -> (artifact id: '81c795cbc8e72d6636741c172a544288') in 0.010171 seconds 
